This file contains any messages produced by compilers while
running configure, to aid debugging if configure makes a mistake.

It was created by Firmware Mod Kit configure 0.4.0, which was
generated by GNU Autoconf 2.65.  Invocation command line was

  $ ./configure 

## --------- ##
## Platform. ##
## --------- ##

hostname = dionysus.kali.org
uname -m = x86_64
uname -r = 4.9.33-mod-std-ipv6-64
uname -s = Linux
uname -v = #1 SMP Tue Jun 20 11:36:21 CEST 2017

/usr/bin/uname -p = unknown
/bin/uname -X     = unknown

/bin/arch              = unknown
/usr/bin/arch -k       = unknown
/usr/convex/getsysinfo = unknown
/usr/bin/hostinfo      = unknown
/bin/machine           = unknown
/usr/bin/oslevel       = unknown
/bin/universe          = unknown

PATH: /usr/local/sbin
PATH: /usr/local/bin
PATH: /usr/sbin
PATH: /usr/bin
PATH: /sbin
PATH: /bin
PATH: /usr/games


## ----------- ##
## Core tests. ##
## ----------- ##

configure:2208: checking for gcc
configure:2224: found /usr/bin/gcc
configure:2235: result: gcc
configure:2464: checking for C compiler version
configure:2473: gcc --version >&5
gcc (Debian 9.2.1-8) 9.2.1 20190909
Copyright (C) 2019 Free Software Foundation, Inc.
This is free software; see the source for copying conditions.  There is NO
warranty; not even for MERCHANTABILITY or FITNESS FOR A PARTICULAR PURPOSE.

configure:2484: $? = 0
configure:2473: gcc -v >&5
Using built-in specs.
COLLECT_GCC=gcc
COLLECT_LTO_WRAPPER=/usr/lib/gcc/x86_64-linux-gnu/9/lto-wrapper
OFFLOAD_TARGET_NAMES=nvptx-none:hsa
OFFLOAD_TARGET_DEFAULT=1
Target: x86_64-linux-gnu
Configured with: ../src/configure -v --with-pkgversion='Debian 9.2.1-8' --with-bugurl=file:///usr/share/doc/gcc-9/README.Bugs --enable-languages=c,ada,c++,go,brig,d,fortran,objc,obj-c++,gm2 --prefix=/usr --with-gcc-major-version-only --program-suffix=-9 --program-prefix=x86_64-linux-gnu- --enable-shared --enable-linker-build-id --libexecdir=/usr/lib --without-included-gettext --enable-threads=posix --libdir=/usr/lib --enable-nls --enable-bootstrap --enable-clocale=gnu --enable-libstdcxx-debug --enable-libstdcxx-time=yes --with-default-libstdcxx-abi=new --enable-gnu-unique-object --disable-vtable-verify --enable-plugin --enable-default-pie --with-system-zlib --with-target-system-zlib=auto --enable-multiarch --disable-werror --with-arch-32=i686 --with-abi=m64 --with-multilib-list=m32,m64,mx32 --enable-multilib --with-tune=generic --enable-offload-targets=nvptx-none,hsa --without-cuda-driver --enable-checking=release --build=x86_64-linux-gnu --host=x86_64-linux-gnu --target=x86_64-linux-gnu
Thread model: posix
gcc version 9.2.1 20190909 (Debian 9.2.1-8) 
configure:2484: $? = 0
configure:2473: gcc -V >&5
gcc: error: unrecognized command line option '-V'
gcc: fatal error: no input files
compilation terminated.
configure:2484: $? = 1
configure:2473: gcc -qversion >&5
gcc: error: unrecognized command line option '-qversion'; did you mean '--version'?
gcc: fatal error: no input files
compilation terminated.
configure:2484: $? = 1
configure:2504: checking whether the C compiler works
configure:2526: gcc -g -O2 -fdebug-prefix-map=/build/firmware-mod-kit-ReuGE4/firmware-mod-kit-0.99+git20190714=. -fstack-protector-strong -Wformat -Werror=format-security -Wdate-time -D_FORTIFY_SOURCE=2 -Wl,-z,relro conftest.c  >&5
configure:2530: $? = 0
configure:2579: result: yes
configure:2582: checking for C compiler default output file name
configure:2584: result: a.out
configure:2590: checking for suffix of executables
configure:2597: gcc -o conftest -g -O2 -fdebug-prefix-map=/build/firmware-mod-kit-ReuGE4/firmware-mod-kit-0.99+git20190714=. -fstack-protector-strong -Wformat -Werror=format-security -Wdate-time -D_FORTIFY_SOURCE=2 -Wl,-z,relro conftest.c  >&5
configure:2601: $? = 0
configure:2623: result: 
configure:2645: checking whether we are cross compiling
configure:2653: gcc -o conftest -g -O2 -fdebug-prefix-map=/build/firmware-mod-kit-ReuGE4/firmware-mod-kit-0.99+git20190714=. -fstack-protector-strong -Wformat -Werror=format-security -Wdate-time -D_FORTIFY_SOURCE=2 -Wl,-z,relro conftest.c  >&5
configure:2657: $? = 0
configure:2664: ./conftest
configure:2668: $? = 0
configure:2656: result: no
configure:2661: checking for suffix of object files
configure:2683: gcc -c -g -O2 -fdebug-prefix-map=/build/firmware-mod-kit-ReuGE4/firmware-mod-kit-0.99+git20190714=. -fstack-protector-strong -Wformat -Werror=format-security -Wdate-time -D_FORTIFY_SOURCE=2 conftest.c >&5
configure:2687: $? = 0
configure:2708: result: o
configure:2712: checking whether we are using the GNU C compiler
configure:2731: gcc -c -g -O2 -fdebug-prefix-map=/build/firmware-mod-kit-ReuGE4/firmware-mod-kit-0.99+git20190714=. -fstack-protector-strong -Wformat -Werror=format-security -Wdate-time -D_FORTIFY_SOURCE=2 conftest.c >&5
configure:2731: $? = 0
configure:2740: result: yes
configure:2749: checking whether gcc accepts -g
configure:2769: gcc -c -g -Wdate-time -D_FORTIFY_SOURCE=2 conftest.c >&5
configure:2769: $? = 0
configure:2810: result: yes
configure:2827: checking for gcc option to accept ISO C89
configure:2892: gcc  -c -g -O2 -fdebug-prefix-map=/build/firmware-mod-kit-ReuGE4/firmware-mod-kit-0.99+git20190714=. -fstack-protector-strong -Wformat -Werror=format-security -Wdate-time -D_FORTIFY_SOURCE=2 conftest.c >&5
configure:2892: $? = 0
configure:2905: result: none needed
configure:2983: checking for g++
configure:2999: found /usr/bin/g++
configure:3010: result: g++
configure:3037: checking for C++ compiler version
configure:3046: g++ --version >&5
g++ (Debian 9.2.1-8) 9.2.1 20190909
Copyright (C) 2019 Free Software Foundation, Inc.
This is free software; see the source for copying conditions.  There is NO
warranty; not even for MERCHANTABILITY or FITNESS FOR A PARTICULAR PURPOSE.

configure:3057: $? = 0
configure:3046: g++ -v >&5
Using built-in specs.
COLLECT_GCC=g++
COLLECT_LTO_WRAPPER=/usr/lib/gcc/x86_64-linux-gnu/9/lto-wrapper
OFFLOAD_TARGET_NAMES=nvptx-none:hsa
OFFLOAD_TARGET_DEFAULT=1
Target: x86_64-linux-gnu
Configured with: ../src/configure -v --with-pkgversion='Debian 9.2.1-8' --with-bugurl=file:///usr/share/doc/gcc-9/README.Bugs --enable-languages=c,ada,c++,go,brig,d,fortran,objc,obj-c++,gm2 --prefix=/usr --with-gcc-major-version-only --program-suffix=-9 --program-prefix=x86_64-linux-gnu- --enable-shared --enable-linker-build-id --libexecdir=/usr/lib --without-included-gettext --enable-threads=posix --libdir=/usr/lib --enable-nls --enable-bootstrap --enable-clocale=gnu --enable-libstdcxx-debug --enable-libstdcxx-time=yes --with-default-libstdcxx-abi=new --enable-gnu-unique-object --disable-vtable-verify --enable-plugin --enable-default-pie --with-system-zlib --with-target-system-zlib=auto --enable-multiarch --disable-werror --with-arch-32=i686 --with-abi=m64 --with-multilib-list=m32,m64,mx32 --enable-multilib --with-tune=generic --enable-offload-targets=nvptx-none,hsa --without-cuda-driver --enable-checking=release --build=x86_64-linux-gnu --host=x86_64-linux-gnu --target=x86_64-linux-gnu
Thread model: posix
gcc version 9.2.1 20190909 (Debian 9.2.1-8) 
configure:3057: $? = 0
configure:3046: g++ -V >&5
g++: error: unrecognized command line option '-V'
g++: fatal error: no input files
compilation terminated.
configure:3057: $? = 1
configure:3046: g++ -qversion >&5
g++: error: unrecognized command line option '-qversion'; did you mean '--version'?
g++: fatal error: no input files
compilation terminated.
configure:3057: $? = 1
configure:3061: checking whether we are using the GNU C++ compiler
configure:3080: g++ -c -g -O2 -fdebug-prefix-map=/build/firmware-mod-kit-ReuGE4/firmware-mod-kit-0.99+git20190714=. -fstack-protector-strong -Wformat -Werror=format-security -Wdate-time -D_FORTIFY_SOURCE=2 conftest.cpp >&5
configure:3080: $? = 0
configure:3089: result: yes
configure:3098: checking whether g++ accepts -g
configure:3118: g++ -c -g -Wdate-time -D_FORTIFY_SOURCE=2 conftest.cpp >&5
configure:3118: $? = 0
configure:3159: result: yes
configure:3195: checking how to run the C preprocessor
configure:3226: gcc -E -Wdate-time -D_FORTIFY_SOURCE=2 conftest.c
configure:3226: $? = 0
configure:3240: gcc -E -Wdate-time -D_FORTIFY_SOURCE=2 conftest.c
conftest.c:9:10: fatal error: ac_nonexistent.h: No such file or directory
    9 | #include <ac_nonexistent.h>
      |          ^~~~~~~~~~~~~~~~~~
compilation terminated.
configure:3240: $? = 1
configure: failed program was:
| /* confdefs.h */
| #define PACKAGE_NAME "Firmware Mod Kit"
| #define PACKAGE_TARNAME "firmware-mod-kit"
| #define PACKAGE_VERSION "0.4.0"
| #define PACKAGE_STRING "Firmware Mod Kit 0.4.0"
| #define PACKAGE_BUGREPORT "http://firmware-mod-kit.googlecode.com"
| #define PACKAGE_URL ""
| /* end confdefs.h.  */
| #include <ac_nonexistent.h>
configure:3265: result: gcc -E
configure:3285: gcc -E -Wdate-time -D_FORTIFY_SOURCE=2 conftest.c
configure:3285: $? = 0
configure:3299: gcc -E -Wdate-time -D_FORTIFY_SOURCE=2 conftest.c
conftest.c:9:10: fatal error: ac_nonexistent.h: No such file or directory
    9 | #include <ac_nonexistent.h>
      |          ^~~~~~~~~~~~~~~~~~
compilation terminated.
configure:3299: $? = 1
configure: failed program was:
| /* confdefs.h */
| #define PACKAGE_NAME "Firmware Mod Kit"
| #define PACKAGE_TARNAME "firmware-mod-kit"
| #define PACKAGE_VERSION "0.4.0"
| #define PACKAGE_STRING "Firmware Mod Kit 0.4.0"
| #define PACKAGE_BUGREPORT "http://firmware-mod-kit.googlecode.com"
| #define PACKAGE_URL ""
| /* end confdefs.h.  */
| #include <ac_nonexistent.h>
configure:3328: checking for grep that handles long lines and -e
configure:3386: result: /bin/grep
configure:3391: checking for egrep
configure:3453: result: /bin/grep -E
configure:3458: checking for ANSI C header files
configure:3478: gcc -c -g -O2 -fdebug-prefix-map=/build/firmware-mod-kit-ReuGE4/firmware-mod-kit-0.99+git20190714=. -fstack-protector-strong -Wformat -Werror=format-security -Wdate-time -D_FORTIFY_SOURCE=2 conftest.c >&5
configure:3478: $? = 0
configure:3551: gcc -o conftest -g -O2 -fdebug-prefix-map=/build/firmware-mod-kit-ReuGE4/firmware-mod-kit-0.99+git20190714=. -fstack-protector-strong -Wformat -Werror=format-security -Wdate-time -D_FORTIFY_SOURCE=2 -Wl,-z,relro conftest.c  >&5
configure:3551: $? = 0
configure:3551: ./conftest
configure:3551: $? = 0
configure:3562: result: yes
configure:3575: checking for sys/types.h
configure:3575: gcc -c -g -O2 -fdebug-prefix-map=/build/firmware-mod-kit-ReuGE4/firmware-mod-kit-0.99+git20190714=. -fstack-protector-strong -Wformat -Werror=format-security -Wdate-time -D_FORTIFY_SOURCE=2 conftest.c >&5
configure:3575: $? = 0
configure:3575: result: yes
configure:3575: checking for sys/sysmacros.h
configure:3575: gcc -c -g -O2 -fdebug-prefix-map=/build/firmware-mod-kit-ReuGE4/firmware-mod-kit-0.99+git20190714=. -fstack-protector-strong -Wformat -Werror=format-security -Wdate-time -D_FORTIFY_SOURCE=2 conftest.c >&5
configure:3575: $? = 0
configure:3575: result: yes
configure:3575: checking for sys/stat.h
configure:3575: gcc -c -g -O2 -fdebug-prefix-map=/build/firmware-mod-kit-ReuGE4/firmware-mod-kit-0.99+git20190714=. -fstack-protector-strong -Wformat -Werror=format-security -Wdate-time -D_FORTIFY_SOURCE=2 conftest.c >&5
configure:3575: $? = 0
configure:3575: result: yes
configure:3575: checking for stdlib.h
configure:3575: gcc -c -g -O2 -fdebug-prefix-map=/build/firmware-mod-kit-ReuGE4/firmware-mod-kit-0.99+git20190714=. -fstack-protector-strong -Wformat -Werror=format-security -Wdate-time -D_FORTIFY_SOURCE=2 conftest.c >&5
configure:3575: $? = 0
configure:3575: result: yes
configure:3575: checking for string.h
configure:3575: gcc -c -g -O2 -fdebug-prefix-map=/build/firmware-mod-kit-ReuGE4/firmware-mod-kit-0.99+git20190714=. -fstack-protector-strong -Wformat -Werror=format-security -Wdate-time -D_FORTIFY_SOURCE=2 conftest.c >&5
configure:3575: $? = 0
configure:3575: result: yes
configure:3575: checking for memory.h
configure:3575: gcc -c -g -O2 -fdebug-prefix-map=/build/firmware-mod-kit-ReuGE4/firmware-mod-kit-0.99+git20190714=. -fstack-protector-strong -Wformat -Werror=format-security -Wdate-time -D_FORTIFY_SOURCE=2 conftest.c >&5
configure:3575: $? = 0
configure:3575: result: yes
configure:3575: checking for strings.h
configure:3575: gcc -c -g -O2 -fdebug-prefix-map=/build/firmware-mod-kit-ReuGE4/firmware-mod-kit-0.99+git20190714=. -fstack-protector-strong -Wformat -Werror=format-security -Wdate-time -D_FORTIFY_SOURCE=2 conftest.c >&5
configure:3575: $? = 0
configure:3575: result: yes
configure:3575: checking for inttypes.h
configure:3575: gcc -c -g -O2 -fdebug-prefix-map=/build/firmware-mod-kit-ReuGE4/firmware-mod-kit-0.99+git20190714=. -fstack-protector-strong -Wformat -Werror=format-security -Wdate-time -D_FORTIFY_SOURCE=2 conftest.c >&5
configure:3575: $? = 0
configure:3575: result: yes
configure:3575: checking for stdint.h
configure:3575: gcc -c -g -O2 -fdebug-prefix-map=/build/firmware-mod-kit-ReuGE4/firmware-mod-kit-0.99+git20190714=. -fstack-protector-strong -Wformat -Werror=format-security -Wdate-time -D_FORTIFY_SOURCE=2 conftest.c >&5
configure:3575: $? = 0
configure:3575: result: yes
configure:3575: checking for unistd.h
configure:3575: gcc -c -g -O2 -fdebug-prefix-map=/build/firmware-mod-kit-ReuGE4/firmware-mod-kit-0.99+git20190714=. -fstack-protector-strong -Wformat -Werror=format-security -Wdate-time -D_FORTIFY_SOURCE=2 conftest.c >&5
configure:3575: $? = 0
configure:3575: result: yes
configure:3588: checking for size_t
configure:3588: gcc -c -g -O2 -fdebug-prefix-map=/build/firmware-mod-kit-ReuGE4/firmware-mod-kit-0.99+git20190714=. -fstack-protector-strong -Wformat -Werror=format-security -Wdate-time -D_FORTIFY_SOURCE=2 conftest.c >&5
configure:3588: $? = 0
configure:3588: gcc -c -g -O2 -fdebug-prefix-map=/build/firmware-mod-kit-ReuGE4/firmware-mod-kit-0.99+git20190714=. -fstack-protector-strong -Wformat -Werror=format-security -Wdate-time -D_FORTIFY_SOURCE=2 conftest.c >&5
conftest.c: In function 'main':
conftest.c:59:21: error: expected expression before ')' token
   59 | if (sizeof ((size_t)))
      |                     ^
configure:3588: $? = 1
configure: failed program was:
| /* confdefs.h */
| #define PACKAGE_NAME "Firmware Mod Kit"
| #define PACKAGE_TARNAME "firmware-mod-kit"
| #define PACKAGE_VERSION "0.4.0"
| #define PACKAGE_STRING "Firmware Mod Kit 0.4.0"
| #define PACKAGE_BUGREPORT "http://firmware-mod-kit.googlecode.com"
| #define PACKAGE_URL ""
| #define STDC_HEADERS 1
| #define HAVE_SYS_TYPES_H 1
| #define HAVE_SYS_SYSMACROS_H 1
| #define HAVE_SYS_STAT_H 1
| #define HAVE_STDLIB_H 1
| #define HAVE_STRING_H 1
| #define HAVE_MEMORY_H 1
| #define HAVE_STRINGS_H 1
| #define HAVE_INTTYPES_H 1
| #define HAVE_STDINT_H 1
| #define HAVE_UNISTD_H 1
| /* end confdefs.h.  */
| #include <stdio.h>
| #ifdef HAVE_SYS_TYPES_H
| # include <sys/types.h>
| #endif
| #ifdef HAVE_SYS_SYSMACROS_H
| #include <sys/sysmacros.h>
| #endif
| #ifdef HAVE_SYS_STAT_H
| # include <sys/stat.h>
| #endif
| #ifdef STDC_HEADERS
| # include <stdlib.h>
| # include <stddef.h>
| #else
| # ifdef HAVE_STDLIB_H
| #  include <stdlib.h>
| # endif
| #endif
| #ifdef HAVE_STRING_H
| # if !defined STDC_HEADERS && defined HAVE_MEMORY_H
| #  include <memory.h>
| # endif
| # include <string.h>
| #endif
| #ifdef HAVE_STRINGS_H
| # include <strings.h>
| #endif
| #ifdef HAVE_INTTYPES_H
| # include <inttypes.h>
| #endif
| #ifdef HAVE_STDINT_H
| # include <stdint.h>
| #endif
| #ifdef HAVE_UNISTD_H
| # include <unistd.h>
| #endif
| int
| main ()
| {
| if (sizeof ((size_t)))
| 	    return 0;
|   ;
|   return 0;
| }
configure:3588: result: yes
configure:3602: checking for stdlib.h
configure:3602: result: yes
configure:3612: checking for GNU libc compatible malloc
configure:3636: gcc -o conftest -g -O2 -fdebug-prefix-map=/build/firmware-mod-kit-ReuGE4/firmware-mod-kit-0.99+git20190714=. -fstack-protector-strong -Wformat -Werror=format-security -Wdate-time -D_FORTIFY_SOURCE=2 -Wl,-z,relro conftest.c  >&5
configure:3636: $? = 0
configure:3636: ./conftest
configure:3636: $? = 0
configure:3646: result: yes
configure:3671: checking arpa/inet.h usability
configure:3671: gcc -c -g -O2 -fdebug-prefix-map=/build/firmware-mod-kit-ReuGE4/firmware-mod-kit-0.99+git20190714=. -fstack-protector-strong -Wformat -Werror=format-security -Wdate-time -D_FORTIFY_SOURCE=2 conftest.c >&5
configure:3671: $? = 0
configure:3671: result: yes
configure:3671: checking arpa/inet.h presence
configure:3671: gcc -E -Wdate-time -D_FORTIFY_SOURCE=2 conftest.c
configure:3671: $? = 0
configure:3671: result: yes
configure:3671: checking for arpa/inet.h
configure:3671: result: yes
configure:3671: checking fcntl.h usability
configure:3671: gcc -c -g -O2 -fdebug-prefix-map=/build/firmware-mod-kit-ReuGE4/firmware-mod-kit-0.99+git20190714=. -fstack-protector-strong -Wformat -Werror=format-security -Wdate-time -D_FORTIFY_SOURCE=2 conftest.c >&5
configure:3671: $? = 0
configure:3671: result: yes
configure:3671: checking fcntl.h presence
configure:3671: gcc -E -Wdate-time -D_FORTIFY_SOURCE=2 conftest.c
configure:3671: $? = 0
configure:3671: result: yes
configure:3671: checking for fcntl.h
configure:3671: result: yes
configure:3671: checking for stdlib.h
configure:3671: result: yes
configure:3671: checking for string.h
configure:3671: result: yes
configure:3671: checking for unistd.h
configure:3671: result: yes
configure:3687: checking for memset
configure:3687: gcc -o conftest -g -O2 -fdebug-prefix-map=/build/firmware-mod-kit-ReuGE4/firmware-mod-kit-0.99+git20190714=. -fstack-protector-strong -Wformat -Werror=format-security -Wdate-time -D_FORTIFY_SOURCE=2 -Wl,-z,relro conftest.c  >&5
conftest.c:50:6: warning: conflicting types for built-in function 'memset'; expected 'void *(void *, int,  long unsigned int)' [-Wbuiltin-declaration-mismatch]
   50 | char memset ();
      |      ^~~~~~
conftest.c:38:1: note: 'memset' is declared in header '<string.h>'
   37 | # include <limits.h>
   38 | #else
configure:3687: $? = 0
configure:3687: result: yes
configure:3687: checking for malloc
configure:3687: gcc -o conftest -g -O2 -fdebug-prefix-map=/build/firmware-mod-kit-ReuGE4/firmware-mod-kit-0.99+git20190714=. -fstack-protector-strong -Wformat -Werror=format-security -Wdate-time -D_FORTIFY_SOURCE=2 -Wl,-z,relro conftest.c  >&5
conftest.c:51:6: warning: conflicting types for built-in function 'malloc'; expected 'void *(long unsigned int)' [-Wbuiltin-declaration-mismatch]
   51 | char malloc ();
      |      ^~~~~~
conftest.c:39:1: note: 'malloc' is declared in header '<stdlib.h>'
   38 | # include <limits.h>
   39 | #else
configure:3687: $? = 0
configure:3687: result: yes
configure:3687: checking for strstr
configure:3687: gcc -o conftest -g -O2 -fdebug-prefix-map=/build/firmware-mod-kit-ReuGE4/firmware-mod-kit-0.99+git20190714=. -fstack-protector-strong -Wformat -Werror=format-security -Wdate-time -D_FORTIFY_SOURCE=2 -Wl,-z,relro conftest.c  >&5
conftest.c:52:6: warning: conflicting types for built-in function 'strstr'; expected 'char *(const char *, const char *)' [-Wbuiltin-declaration-mismatch]
   52 | char strstr ();
      |      ^~~~~~
conftest.c:40:1: note: 'strstr' is declared in header '<string.h>'
   39 | # include <limits.h>
   40 | #else
configure:3687: $? = 0
configure:3687: result: yes
configure:3700: checking for crc32 in -lz
configure:3725: gcc -o conftest -g -O2 -fdebug-prefix-map=/build/firmware-mod-kit-ReuGE4/firmware-mod-kit-0.99+git20190714=. -fstack-protector-strong -Wformat -Werror=format-security -Wdate-time -D_FORTIFY_SOURCE=2 -Wl,-z,relro conftest.c -lz   >&5
configure:3725: $? = 0
configure:3734: result: yes
configure:3749: checking zlib.h usability
configure:3749: gcc -c -g -O2 -fdebug-prefix-map=/build/firmware-mod-kit-ReuGE4/firmware-mod-kit-0.99+git20190714=. -fstack-protector-strong -Wformat -Werror=format-security -Wdate-time -D_FORTIFY_SOURCE=2 conftest.c >&5
configure:3749: $? = 0
configure:3749: result: yes
configure:3749: checking zlib.h presence
configure:3749: gcc -E -Wdate-time -D_FORTIFY_SOURCE=2 conftest.c
configure:3749: $? = 0
configure:3749: result: yes
configure:3749: checking for zlib.h
configure:3749: result: yes
configure:3763: checking lzma.h usability
configure:3763: gcc -c -g -O2 -fdebug-prefix-map=/build/firmware-mod-kit-ReuGE4/firmware-mod-kit-0.99+git20190714=. -fstack-protector-strong -Wformat -Werror=format-security -Wdate-time -D_FORTIFY_SOURCE=2 conftest.c >&5
configure:3763: $? = 0
configure:3763: result: yes
configure:3763: checking lzma.h presence
configure:3763: gcc -E -Wdate-time -D_FORTIFY_SOURCE=2 conftest.c
configure:3763: $? = 0
configure:3763: result: yes
configure:3763: checking for lzma.h
configure:3763: result: yes
configure:3908: creating ./config.status

## ---------------------- ##
## Running config.status. ##
## ---------------------- ##

This file was extended by Firmware Mod Kit config.status 0.4.0, which was
generated by GNU Autoconf 2.65.  Invocation command line was

  CONFIG_FILES    = 
  CONFIG_HEADERS  = 
  CONFIG_LINKS    = 
  CONFIG_COMMANDS = 
  $ ./config.status 

on dionysus.kali.org

config.status:729: creating Makefile

## ---------------- ##
## Cache variables. ##
## ---------------- ##

ac_cv_c_compiler_gnu=yes
ac_cv_cxx_compiler_gnu=yes
ac_cv_env_CCC_set=
ac_cv_env_CCC_value=
ac_cv_env_CC_set=
ac_cv_env_CC_value=
ac_cv_env_CFLAGS_set=set
ac_cv_env_CFLAGS_value='-g -O2 -fdebug-prefix-map=/build/firmware-mod-kit-ReuGE4/firmware-mod-kit-0.99+git20190714=. -fstack-protector-strong -Wformat -Werror=format-security'
ac_cv_env_CPPFLAGS_set=set
ac_cv_env_CPPFLAGS_value='-Wdate-time -D_FORTIFY_SOURCE=2'
ac_cv_env_CPP_set=
ac_cv_env_CPP_value=
ac_cv_env_CXXFLAGS_set=set
ac_cv_env_CXXFLAGS_value='-g -O2 -fdebug-prefix-map=/build/firmware-mod-kit-ReuGE4/firmware-mod-kit-0.99+git20190714=. -fstack-protector-strong -Wformat -Werror=format-security'
ac_cv_env_CXX_set=
ac_cv_env_CXX_value=
ac_cv_env_LDFLAGS_set=set
ac_cv_env_LDFLAGS_value=-Wl,-z,relro
ac_cv_env_LIBS_set=
ac_cv_env_LIBS_value=
ac_cv_env_build_alias_set=
ac_cv_env_build_alias_value=
ac_cv_env_host_alias_set=
ac_cv_env_host_alias_value=
ac_cv_env_target_alias_set=
ac_cv_env_target_alias_value=
ac_cv_func_malloc=yes
ac_cv_func_malloc_0_nonnull=yes
ac_cv_func_memset=yes
ac_cv_func_strstr=yes
ac_cv_header_arpa_inet_h=yes
ac_cv_header_fcntl_h=yes
ac_cv_header_inttypes_h=yes
ac_cv_header_lzma_h=yes
ac_cv_header_memory_h=yes
ac_cv_header_stdc=yes
ac_cv_header_stdint_h=yes
ac_cv_header_stdlib_h=yes
ac_cv_header_string_h=yes
ac_cv_header_strings_h=yes
ac_cv_header_sys_stat_h=yes
ac_cv_header_sys_sysmacros_h=yes
ac_cv_header_sys_types_h=yes
ac_cv_header_unistd_h=yes
ac_cv_header_zlib_h=yes
ac_cv_lib_z_crc32=yes
ac_cv_objext=o
ac_cv_path_EGREP='/bin/grep -E'
ac_cv_path_GREP=/bin/grep
ac_cv_prog_CPP='gcc -E'
ac_cv_prog_ac_ct_CC=gcc
ac_cv_prog_ac_ct_CXX=g++
ac_cv_prog_cc_c89=
ac_cv_prog_cc_g=yes
ac_cv_prog_cxx_g=yes
ac_cv_type_size_t=yes

## ----------------- ##
## Output variables. ##
## ----------------- ##

CC='gcc'
CFLAGS='-g -O2 -fdebug-prefix-map=/build/firmware-mod-kit-ReuGE4/firmware-mod-kit-0.99+git20190714=. -fstack-protector-strong -Wformat -Werror=format-security'
CPP='gcc -E'
CPPFLAGS='-Wdate-time -D_FORTIFY_SOURCE=2'
CXX='g++'
CXXFLAGS='-g -O2 -fdebug-prefix-map=/build/firmware-mod-kit-ReuGE4/firmware-mod-kit-0.99+git20190714=. -fstack-protector-strong -Wformat -Werror=format-security'
DEFS='-DPACKAGE_NAME=\"Firmware\ Mod\ Kit\" -DPACKAGE_TARNAME=\"firmware-mod-kit\" -DPACKAGE_VERSION=\"0.4.0\" -DPACKAGE_STRING=\"Firmware\ Mod\ Kit\ 0.4.0\" -DPACKAGE_BUGREPORT=\"http://firmware-mod-kit.googlecode.com\" -DPACKAGE_URL=\"\" -DSTDC_HEADERS=1 -DHAVE_SYS_TYPES_H=1 -DHAVE_SYS_SYSMACROS_H=1 -DHAVE_SYS_STAT_H=1 -DHAVE_STDLIB_H=1 -DHAVE_STRING_H=1 -DHAVE_MEMORY_H=1 -DHAVE_STRINGS_H=1 -DHAVE_INTTYPES_H=1 -DHAVE_STDINT_H=1 -DHAVE_UNISTD_H=1 -DHAVE_STDLIB_H=1 -DHAVE_MALLOC=1 -DHAVE_ARPA_INET_H=1 -DHAVE_FCNTL_H=1 -DHAVE_STDLIB_H=1 -DHAVE_STRING_H=1 -DHAVE_UNISTD_H=1 -DHAVE_MEMSET=1 -DHAVE_MALLOC=1 -DHAVE_STRSTR=1 -DHAVE_LIBZ=1 -DHAVE_ZLIB_H=1 -DHAVE_LZMA_H=1'
ECHO_C=''
ECHO_N='-n'
ECHO_T=''
EGREP='/bin/grep -E'
EXEEXT=''
GREP='/bin/grep'
LDFLAGS='-Wl,-z,relro'
LIBOBJS=''
LIBS='-lz '
LTLIBOBJS=''
OBJEXT='o'
PACKAGE_BUGREPORT='http://firmware-mod-kit.googlecode.com'
PACKAGE_NAME='Firmware Mod Kit'
PACKAGE_STRING='Firmware Mod Kit 0.4.0'
PACKAGE_TARNAME='firmware-mod-kit'
PACKAGE_URL=''
PACKAGE_VERSION='0.4.0'
PATH_SEPARATOR=':'
SHELL='/bin/bash'
ac_ct_CC='gcc'
ac_ct_CXX='g++'
bindir='${exec_prefix}/bin'
build_alias=''
datadir='${datarootdir}'
datarootdir='${prefix}/share'
docdir='${datarootdir}/doc/${PACKAGE_TARNAME}'
dvidir='${docdir}'
exec_prefix='${prefix}'
host_alias=''
htmldir='${docdir}'
includedir='${prefix}/include'
infodir='${datarootdir}/info'
libdir='${exec_prefix}/lib'
libexecdir='${exec_prefix}/libexec'
localedir='${datarootdir}/locale'
localstatedir='${prefix}/var'
mandir='${datarootdir}/man'
oldincludedir='/usr/include'
pdfdir='${docdir}'
prefix='/usr/local'
program_transform_name='s,x,x,'
psdir='${docdir}'
sbindir='${exec_prefix}/sbin'
sharedstatedir='${prefix}/com'
sysconfdir='${prefix}/etc'
target_alias=''

## ----------- ##
## confdefs.h. ##
## ----------- ##

/* confdefs.h */
#define PACKAGE_NAME "Firmware Mod Kit"
#define PACKAGE_TARNAME "firmware-mod-kit"
#define PACKAGE_VERSION "0.4.0"
#define PACKAGE_STRING "Firmware Mod Kit 0.4.0"
#define PACKAGE_BUGREPORT "http://firmware-mod-kit.googlecode.com"
#define PACKAGE_URL ""
#define STDC_HEADERS 1
#define HAVE_SYS_TYPES_H 1
#define HAVE_SYS_SYSMACROS_H 1
#define HAVE_SYS_STAT_H 1
#define HAVE_STDLIB_H 1
#define HAVE_STRING_H 1
#define HAVE_MEMORY_H 1
#define HAVE_STRINGS_H 1
#define HAVE_INTTYPES_H 1
#define HAVE_STDINT_H 1
#define HAVE_UNISTD_H 1
#define HAVE_STDLIB_H 1
#define HAVE_MALLOC 1
#define HAVE_ARPA_INET_H 1
#define HAVE_FCNTL_H 1
#define HAVE_STDLIB_H 1
#define HAVE_STRING_H 1
#define HAVE_UNISTD_H 1
#define HAVE_MEMSET 1
#define HAVE_MALLOC 1
#define HAVE_STRSTR 1
#define HAVE_LIBZ 1
#define HAVE_ZLIB_H 1
#define HAVE_LZMA_H 1

configure: exit 0
